[2024-12-03 11:03:30,696][flwr][WARNING] - Both server and strategy were provided, ignoring strategy
[2024-12-03 11:03:30,696][flwr][INFO] - Starting Flower simulation, config: ServerConfig(num_rounds=2, round_timeout=None)
[2024-12-03 11:03:36,050][flwr][INFO] - Flower VCE: Ray initialized with resources: {'memory': 7032486299.0, 'object_store_memory': 3516243148.0, 'node:__internal_head__': 1.0, 'CPU': 12.0, 'node:10.124.67.13': 1.0, 'GPU': 1.0, 'accelerator_type:G': 1.0}
[2024-12-03 11:03:36,050][flwr][INFO] - Flower VCE: Resources for each Virtual Client: {'num_cpus': 6, 'num_gpus': 0.5}
[2024-12-03 11:03:36,057][flwr][INFO] - Flower VCE: Creating VirtualClientEngineActorPool with 2 actors
[2024-12-03 11:03:36,057][flwr][INFO] - Initializing global parameters
[2024-12-03 11:03:36,057][flwr][INFO] - Requesting initial parameters from one random client
[2024-12-03 11:03:39,984][flwr][INFO] - Received initial parameters from one random client
[2024-12-03 11:03:39,984][flwr][INFO] - Evaluating initial parameters
[2024-12-03 11:03:41,485][flwr][INFO] - initial parameters (loss, other metrics): 0.7794392811235531, {'accuracy': 0.5348837209302325}
[2024-12-03 11:03:41,485][flwr][INFO] - FL starting
[2024-12-03 11:03:41,485][flwr][DEBUG] - fit_round 1: strategy sampled 2 clients (out of 4)
[2024-12-03 11:03:51,386][flwr][DEBUG] - fit_round 1 received 2 results and 0 failures
[2024-12-03 11:03:51,520][flwr][WARNING] - No fit_metrics_aggregation_fn provided
[2024-12-03 11:03:53,085][flwr][INFO] - fit progress: (1, 0.41066978883373645, {'accuracy': 0.8372093023255814}, 11.599721079999654)
[2024-12-03 11:03:53,086][flwr][INFO] - evaluate_round 1: no clients selected, cancel
[2024-12-03 11:03:53,086][flwr][DEBUG] - fit_round 2: strategy sampled 2 clients (out of 4)
[2024-12-03 11:04:00,381][flwr][DEBUG] - fit_round 2 received 2 results and 0 failures
[2024-12-03 11:04:01,969][flwr][INFO] - fit progress: (2, 0.3178487396979517, {'accuracy': 0.8682170542635659}, 20.483298879999893)
[2024-12-03 11:04:01,969][flwr][INFO] - evaluate_round 2: no clients selected, cancel
[2024-12-03 11:04:01,969][flwr][INFO] - FL finished in 20.483684724999875
[2024-12-03 11:04:01,971][flwr][INFO] - app_fit: losses_distributed []
[2024-12-03 11:04:01,971][flwr][INFO] - app_fit: metrics_distributed_fit {}
[2024-12-03 11:04:01,971][flwr][INFO] - app_fit: metrics_distributed {}
[2024-12-03 11:04:01,972][flwr][INFO] - app_fit: losses_centralized [(0, 0.7794392811235531), (1, 0.41066978883373645), (2, 0.3178487396979517)]
[2024-12-03 11:04:01,972][flwr][INFO] - app_fit: metrics_centralized {'accuracy': [(0, 0.5348837209302325), (1, 0.8372093023255814), (2, 0.8682170542635659)]}
