[2024-12-09 13:14:17,233][flwr][WARNING] - Both server and strategy were provided, ignoring strategy
[2024-12-09 13:14:17,233][flwr][INFO] - Starting Flower simulation, config: ServerConfig(num_rounds=2, round_timeout=None)
[2024-12-09 13:14:22,535][flwr][INFO] - Flower VCE: Ray initialized with resources: {'CPU': 12.0, 'node:192.168.102.13': 1.0, 'object_store_memory': 3727572172.0, 'accelerator_type:G': 1.0, 'GPU': 1.0, 'memory': 7455144347.0, 'node:__internal_head__': 1.0}
[2024-12-09 13:14:22,535][flwr][INFO] - Flower VCE: Resources for each Virtual Client: {'num_cpus': 6, 'num_gpus': 0.5}
[2024-12-09 13:14:22,543][flwr][INFO] - Flower VCE: Creating VirtualClientEngineActorPool with 2 actors
[2024-12-09 13:14:22,543][flwr][INFO] - Initializing global parameters
[2024-12-09 13:14:22,543][flwr][INFO] - Requesting initial parameters from one random client
[2024-12-09 13:14:26,335][flwr][INFO] - Received initial parameters from one random client
[2024-12-09 13:14:26,335][flwr][INFO] - Evaluating initial parameters
[2024-12-09 13:14:28,685][flwr][INFO] - initial parameters (loss, other metrics): 0.8173946040545323, {'accuracy': 0.46511627906976744}
[2024-12-09 13:14:28,685][flwr][INFO] - FL starting
[2024-12-09 13:14:28,685][flwr][DEBUG] - fit_round 1: strategy sampled 2 clients (out of 4)
[2024-12-09 13:14:33,371][flwr][DEBUG] - fit_round 1 received 2 results and 0 failures
[2024-12-09 13:14:33,457][flwr][WARNING] - No fit_metrics_aggregation_fn provided
[2024-12-09 13:14:35,786][flwr][INFO] - fit progress: (1, 0.8518993096758228, {'accuracy': 0.46511627906976744}, 7.100646830999722)
[2024-12-09 13:14:35,786][flwr][INFO] - evaluate_round 1: no clients selected, cancel
[2024-12-09 13:14:35,786][flwr][DEBUG] - fit_round 2: strategy sampled 2 clients (out of 4)
[2024-12-09 13:14:37,034][flwr][DEBUG] - fit_round 2 received 2 results and 0 failures
[2024-12-09 13:14:39,528][flwr][INFO] - fit progress: (2, 0.8578932174416476, {'accuracy': 0.46511627906976744}, 10.842801624000003)
[2024-12-09 13:14:39,528][flwr][INFO] - evaluate_round 2: no clients selected, cancel
[2024-12-09 13:14:39,528][flwr][INFO] - FL finished in 10.843147749999844
[2024-12-09 13:14:39,529][flwr][INFO] - app_fit: losses_distributed []
[2024-12-09 13:14:39,529][flwr][INFO] - app_fit: metrics_distributed_fit {}
[2024-12-09 13:14:39,529][flwr][INFO] - app_fit: metrics_distributed {}
[2024-12-09 13:14:39,529][flwr][INFO] - app_fit: losses_centralized [(0, 0.8173946040545323), (1, 0.8518993096758228), (2, 0.8578932174416476)]
[2024-12-09 13:14:39,529][flwr][INFO] - app_fit: metrics_centralized {'accuracy': [(0, 0.46511627906976744), (1, 0.46511627906976744), (2, 0.46511627906976744)]}
