[2024-11-28 14:49:41,599][flwr][WARNING] - Both server and strategy were provided, ignoring strategy
[2024-11-28 14:49:41,599][flwr][INFO] - Starting Flower simulation, config: ServerConfig(num_rounds=2, round_timeout=None)
[2024-11-28 14:49:46,894][flwr][INFO] - Flower VCE: Ray initialized with resources: {'object_store_memory': 3699432652.0, 'GPU': 1.0, 'accelerator_type:G': 1.0, 'node:172.16.1.8': 1.0, 'node:__internal_head__': 1.0, 'memory': 7398865307.0, 'CPU': 12.0}
[2024-11-28 14:49:46,894][flwr][INFO] - Flower VCE: Resources for each Virtual Client: {'num_cpus': 4, 'num_gpus': 1}
[2024-11-28 14:49:46,900][flwr][INFO] - Flower VCE: Creating VirtualClientEngineActorPool with 1 actors
[2024-11-28 14:49:46,901][flwr][INFO] - Initializing global parameters
[2024-11-28 14:49:46,901][flwr][INFO] - Requesting initial parameters from one random client
[2024-11-28 14:49:50,902][flwr][INFO] - Received initial parameters from one random client
[2024-11-28 14:49:50,903][flwr][INFO] - Evaluating initial parameters
[2024-11-28 14:49:55,002][flwr][INFO] - initial parameters (loss, other metrics): 0.709053823190142, {'accuracy': 0.4728682170542636}
[2024-11-28 14:49:55,003][flwr][INFO] - FL starting
[2024-11-28 14:49:55,003][flwr][DEBUG] - fit_round 1: strategy sampled 2 clients (out of 4)
[2024-11-28 14:49:59,690][flwr][DEBUG] - fit_round 1 received 2 results and 0 failures
[2024-11-28 14:49:59,741][flwr][WARNING] - No fit_metrics_aggregation_fn provided
[2024-11-28 14:50:04,084][flwr][INFO] - fit progress: (1, 0.7137032183565835, {'accuracy': 0.46511627906976744}, 9.08166796400019)
[2024-11-28 14:50:04,085][flwr][INFO] - evaluate_round 1: no clients selected, cancel
[2024-11-28 14:50:04,085][flwr][DEBUG] - fit_round 2: strategy sampled 2 clients (out of 4)
[2024-11-28 14:50:07,776][flwr][DEBUG] - fit_round 2 received 2 results and 0 failures
[2024-11-28 14:50:12,151][flwr][INFO] - fit progress: (2, 0.7201879153880038, {'accuracy': 0.46511627906976744}, 17.14847681900028)
[2024-11-28 14:50:12,151][flwr][INFO] - evaluate_round 2: no clients selected, cancel
[2024-11-28 14:50:12,152][flwr][INFO] - FL finished in 17.148891953999737
[2024-11-28 14:50:12,152][flwr][INFO] - app_fit: losses_distributed []
[2024-11-28 14:50:12,152][flwr][INFO] - app_fit: metrics_distributed_fit {}
[2024-11-28 14:50:12,153][flwr][INFO] - app_fit: metrics_distributed {}
[2024-11-28 14:50:12,153][flwr][INFO] - app_fit: losses_centralized [(0, 0.709053823190142), (1, 0.7137032183565835), (2, 0.7201879153880038)]
[2024-11-28 14:50:12,153][flwr][INFO] - app_fit: metrics_centralized {'accuracy': [(0, 0.4728682170542636), (1, 0.46511627906976744), (2, 0.46511627906976744)]}
