[2024-12-09 13:15:26,420][flwr][WARNING] - Both server and strategy were provided, ignoring strategy
[2024-12-09 13:15:26,420][flwr][INFO] - Starting Flower simulation, config: ServerConfig(num_rounds=2, round_timeout=None)
[2024-12-09 13:15:31,463][flwr][INFO] - Flower VCE: Ray initialized with resources: {'memory': 7440787047.0, 'object_store_memory': 3720393523.0, 'accelerator_type:G': 1.0, 'GPU': 1.0, 'CPU': 12.0, 'node:__internal_head__': 1.0, 'node:192.168.102.13': 1.0}
[2024-12-09 13:15:31,463][flwr][INFO] - Flower VCE: Resources for each Virtual Client: {'num_cpus': 4, 'num_gpus': 1}
[2024-12-09 13:15:31,470][flwr][INFO] - Flower VCE: Creating VirtualClientEngineActorPool with 1 actors
[2024-12-09 13:15:31,470][flwr][INFO] - Initializing global parameters
[2024-12-09 13:15:31,470][flwr][INFO] - Requesting initial parameters from one random client
[2024-12-09 13:15:34,755][flwr][INFO] - Received initial parameters from one random client
[2024-12-09 13:15:34,756][flwr][INFO] - Evaluating initial parameters
[2024-12-09 13:15:37,251][flwr][INFO] - initial parameters (loss, other metrics): 0.720179557800293, {'accuracy': 0.46511627906976744}
[2024-12-09 13:15:37,251][flwr][INFO] - FL starting
[2024-12-09 13:15:37,251][flwr][DEBUG] - fit_round 1: strategy sampled 2 clients (out of 4)
[2024-12-09 13:15:40,274][flwr][DEBUG] - fit_round 1 received 2 results and 0 failures
[2024-12-09 13:15:40,360][flwr][WARNING] - No fit_metrics_aggregation_fn provided
[2024-12-09 13:15:42,882][flwr][INFO] - fit progress: (1, 0.7488748713057171, {'accuracy': 0.46511627906976744}, 5.631044124000255)
[2024-12-09 13:15:42,882][flwr][INFO] - evaluate_round 1: no clients selected, cancel
[2024-12-09 13:15:42,882][flwr][DEBUG] - fit_round 2: strategy sampled 2 clients (out of 4)
[2024-12-09 13:15:44,784][flwr][DEBUG] - fit_round 2 received 2 results and 0 failures
[2024-12-09 13:15:47,453][flwr][INFO] - fit progress: (2, 0.7698237729627032, {'accuracy': 0.46511627906976744}, 10.202158098000382)
[2024-12-09 13:15:47,453][flwr][INFO] - evaluate_round 2: no clients selected, cancel
[2024-12-09 13:15:47,454][flwr][INFO] - FL finished in 10.202625061000163
[2024-12-09 13:15:47,454][flwr][INFO] - app_fit: losses_distributed []
[2024-12-09 13:15:47,455][flwr][INFO] - app_fit: metrics_distributed_fit {}
[2024-12-09 13:15:47,455][flwr][INFO] - app_fit: metrics_distributed {}
[2024-12-09 13:15:47,455][flwr][INFO] - app_fit: losses_centralized [(0, 0.720179557800293), (1, 0.7488748713057171), (2, 0.7698237729627032)]
[2024-12-09 13:15:47,455][flwr][INFO] - app_fit: metrics_centralized {'accuracy': [(0, 0.46511627906976744), (1, 0.46511627906976744), (2, 0.46511627906976744)]}
