[2024-11-28 17:50:19,258][flwr][WARNING] - Both server and strategy were provided, ignoring strategy
[2024-11-28 17:50:19,258][flwr][INFO] - Starting Flower simulation, config: ServerConfig(num_rounds=2, round_timeout=None)
[2024-11-28 17:50:23,516][flwr][INFO] - Flower VCE: Ray initialized with resources: {'object_store_memory': 2865464524.0, 'CPU': 12.0, 'node:172.16.1.8': 1.0, 'GPU': 1.0, 'accelerator_type:G': 1.0, 'node:__internal_head__': 1.0, 'memory': 5730929051.0}
[2024-11-28 17:50:23,517][flwr][INFO] - Flower VCE: Resources for each Virtual Client: {'num_cpus': 4, 'num_gpus': 1}
[2024-11-28 17:50:23,524][flwr][INFO] - Flower VCE: Creating VirtualClientEngineActorPool with 1 actors
[2024-11-28 17:50:23,524][flwr][INFO] - Initializing global parameters
[2024-11-28 17:50:23,524][flwr][INFO] - Requesting initial parameters from one random client
[2024-11-28 17:50:27,222][flwr][INFO] - Received initial parameters from one random client
[2024-11-28 17:50:27,222][flwr][INFO] - Evaluating initial parameters
[2024-11-28 17:50:28,995][flwr][INFO] - initial parameters (loss, other metrics): 0.826179678125899, {'accuracy': 0.5116279069767442}
[2024-11-28 17:50:28,996][flwr][INFO] - FL starting
[2024-11-28 17:50:28,996][flwr][DEBUG] - fit_round 1: strategy sampled 2 clients (out of 4)
[2024-11-28 17:50:31,731][flwr][DEBUG] - fit_round 1 received 2 results and 0 failures
[2024-11-28 17:50:31,859][flwr][WARNING] - No fit_metrics_aggregation_fn provided
[2024-11-28 17:50:33,813][flwr][INFO] - fit progress: (1, 1.5039293410242065, {'accuracy': 0.46511627906976744}, 4.816714519000016)
[2024-11-28 17:50:33,813][flwr][INFO] - evaluate_round 1: no clients selected, cancel
[2024-11-28 17:50:33,813][flwr][DEBUG] - fit_round 2: strategy sampled 2 clients (out of 4)
[2024-11-28 17:50:35,372][flwr][DEBUG] - fit_round 2 received 2 results and 0 failures
[2024-11-28 17:50:37,182][flwr][INFO] - fit progress: (2, 0.8236890005510907, {'accuracy': 0.5193798449612403}, 8.186608218000401)
[2024-11-28 17:50:37,183][flwr][INFO] - evaluate_round 2: no clients selected, cancel
[2024-11-28 17:50:37,183][flwr][INFO] - FL finished in 8.187165540999558
[2024-11-28 17:50:37,188][flwr][INFO] - app_fit: losses_distributed []
[2024-11-28 17:50:37,188][flwr][INFO] - app_fit: metrics_distributed_fit {}
[2024-11-28 17:50:37,188][flwr][INFO] - app_fit: metrics_distributed {}
[2024-11-28 17:50:37,189][flwr][INFO] - app_fit: losses_centralized [(0, 0.826179678125899), (1, 1.5039293410242065), (2, 0.8236890005510907)]
[2024-11-28 17:50:37,189][flwr][INFO] - app_fit: metrics_centralized {'accuracy': [(0, 0.5116279069767442), (1, 0.46511627906976744), (2, 0.5193798449612403)]}
