[2024-11-28 15:13:27,374][flwr][WARNING] - Both server and strategy were provided, ignoring strategy
[2024-11-28 15:13:27,374][flwr][INFO] - Starting Flower simulation, config: ServerConfig(num_rounds=2, round_timeout=None)
[2024-11-28 15:13:32,706][flwr][INFO] - Flower VCE: Ray initialized with resources: {'CPU': 12.0, 'node:__internal_head__': 1.0, 'memory': 6494601216.0, 'object_store_memory': 3247300608.0, 'accelerator_type:G': 1.0, 'node:172.16.1.8': 1.0, 'GPU': 1.0}
[2024-11-28 15:13:32,706][flwr][INFO] - Flower VCE: Resources for each Virtual Client: {'num_cpus': 6, 'num_gpus': 0.5}
[2024-11-28 15:13:32,714][flwr][INFO] - Flower VCE: Creating VirtualClientEngineActorPool with 2 actors
[2024-11-28 15:13:32,714][flwr][INFO] - Initializing global parameters
[2024-11-28 15:13:32,714][flwr][INFO] - Requesting initial parameters from one random client
[2024-11-28 15:13:36,147][flwr][INFO] - Received initial parameters from one random client
[2024-11-28 15:13:36,147][flwr][INFO] - Evaluating initial parameters
[2024-11-28 15:13:37,696][flwr][INFO] - initial parameters (loss, other metrics): 2.153844419375871, {'accuracy': 0.46511627906976744}
[2024-11-28 15:13:37,697][flwr][INFO] - FL starting
[2024-11-28 15:13:37,697][flwr][DEBUG] - fit_round 1: strategy sampled 2 clients (out of 4)
[2024-11-28 15:13:42,079][flwr][DEBUG] - fit_round 1 received 2 results and 0 failures
[2024-11-28 15:13:42,158][flwr][WARNING] - No fit_metrics_aggregation_fn provided
[2024-11-28 15:13:43,651][flwr][INFO] - fit progress: (1, 1.4622648543165635, {'accuracy': 0.46511627906976744}, 5.954370962000212)
[2024-11-28 15:13:43,651][flwr][INFO] - evaluate_round 1: no clients selected, cancel
[2024-11-28 15:13:43,652][flwr][DEBUG] - fit_round 2: strategy sampled 2 clients (out of 4)
[2024-11-28 15:13:44,609][flwr][DEBUG] - fit_round 2 received 2 results and 0 failures
[2024-11-28 15:13:46,145][flwr][INFO] - fit progress: (2, 1.3936460905296857, {'accuracy': 0.46511627906976744}, 8.448429985000075)
[2024-11-28 15:13:46,146][flwr][INFO] - evaluate_round 2: no clients selected, cancel
[2024-11-28 15:13:46,146][flwr][INFO] - FL finished in 8.448888308000278
[2024-11-28 15:13:46,149][flwr][INFO] - app_fit: losses_distributed []
[2024-11-28 15:13:46,149][flwr][INFO] - app_fit: metrics_distributed_fit {}
[2024-11-28 15:13:46,149][flwr][INFO] - app_fit: metrics_distributed {}
[2024-11-28 15:13:46,149][flwr][INFO] - app_fit: losses_centralized [(0, 2.153844419375871), (1, 1.4622648543165635), (2, 1.3936460905296857)]
[2024-11-28 15:13:46,149][flwr][INFO] - app_fit: metrics_centralized {'accuracy': [(0, 0.46511627906976744), (1, 0.46511627906976744), (2, 0.46511627906976744)]}
