[2024-12-03 11:05:18,468][flwr][WARNING] - Both server and strategy were provided, ignoring strategy
[2024-12-03 11:05:18,468][flwr][INFO] - Starting Flower simulation, config: ServerConfig(num_rounds=2, round_timeout=None)
[2024-12-03 11:05:23,918][flwr][INFO] - Flower VCE: Ray initialized with resources: {'node:__internal_head__': 1.0, 'object_store_memory': 3506592153.0, 'accelerator_type:G': 1.0, 'GPU': 1.0, 'CPU': 12.0, 'node:10.124.67.13': 1.0, 'memory': 7013184308.0}
[2024-12-03 11:05:23,918][flwr][INFO] - Flower VCE: Resources for each Virtual Client: {'num_cpus': 4, 'num_gpus': 1}
[2024-12-03 11:05:23,926][flwr][INFO] - Flower VCE: Creating VirtualClientEngineActorPool with 1 actors
[2024-12-03 11:05:23,926][flwr][INFO] - Initializing global parameters
[2024-12-03 11:05:23,926][flwr][INFO] - Requesting initial parameters from one random client
[2024-12-03 11:05:27,245][flwr][INFO] - Received initial parameters from one random client
[2024-12-03 11:05:27,245][flwr][INFO] - Evaluating initial parameters
[2024-12-03 11:05:28,868][flwr][INFO] - initial parameters (loss, other metrics): 0.6608719566995783, {'accuracy': 0.6511627906976745}
[2024-12-03 11:05:28,868][flwr][INFO] - FL starting
[2024-12-03 11:05:28,869][flwr][DEBUG] - fit_round 1: strategy sampled 2 clients (out of 4)
[2024-12-03 11:05:38,665][flwr][DEBUG] - fit_round 1 received 2 results and 0 failures
[2024-12-03 11:05:38,747][flwr][WARNING] - No fit_metrics_aggregation_fn provided
[2024-12-03 11:05:40,390][flwr][INFO] - fit progress: (1, 0.41555798515792963, {'accuracy': 0.8294573643410853}, 11.5215383069999)
[2024-12-03 11:05:40,390][flwr][INFO] - evaluate_round 1: no clients selected, cancel
[2024-12-03 11:05:40,390][flwr][DEBUG] - fit_round 2: strategy sampled 2 clients (out of 4)
[2024-12-03 11:05:49,673][flwr][DEBUG] - fit_round 2 received 2 results and 0 failures
[2024-12-03 11:05:51,376][flwr][INFO] - fit progress: (2, 0.3332510012988896, {'accuracy': 0.8527131782945736}, 22.507627171999957)
[2024-12-03 11:05:51,376][flwr][INFO] - evaluate_round 2: no clients selected, cancel
[2024-12-03 11:05:51,377][flwr][INFO] - FL finished in 22.508089686999938
[2024-12-03 11:05:51,378][flwr][INFO] - app_fit: losses_distributed []
[2024-12-03 11:05:51,379][flwr][INFO] - app_fit: metrics_distributed_fit {}
[2024-12-03 11:05:51,379][flwr][INFO] - app_fit: metrics_distributed {}
[2024-12-03 11:05:51,379][flwr][INFO] - app_fit: losses_centralized [(0, 0.6608719566995783), (1, 0.41555798515792963), (2, 0.3332510012988896)]
[2024-12-03 11:05:51,379][flwr][INFO] - app_fit: metrics_centralized {'accuracy': [(0, 0.6511627906976745), (1, 0.8294573643410853), (2, 0.8527131782945736)]}
